CRITICAL - 2020-10-19 06:29:38 --> Undefined variable: session
#0 C:\xampp\htdocs\e-kliping\app\Controllers\News.php(12): CodeIgniter\Debug\Exceptions->errorHandler(8, 'Undefined varia...', 'C:\\xampp\\htdocs...', 12, Array)
#1 C:\xampp\htdocs\e-kliping\system\CodeIgniter.php(918): App\Controllers\News->index()
#2 C:\xampp\htdocs\e-kliping\system\CodeIgniter.php(404): CodeIgniter\CodeIgniter->runController(Object(App\Controllers\News))
#3 C:\xampp\htdocs\e-kliping\system\CodeIgniter.php(312): CodeIgniter\CodeIgniter->handleRequest(NULL, Object(Config\Cache), false)
#4 C:\xampp\htdocs\e-kliping\public\index.php(45): CodeIgniter\CodeIgniter->run()
#5 C:\xampp\htdocs\e-kliping\system\Commands\Server\rewrite.php(34): require_once('C:\\xampp\\htdocs...')
#6 {main}
CRITICAL - 2020-10-19 06:30:23 --> Undefined variable: session
#0 C:\xampp\htdocs\e-kliping\app\Controllers\News.php(17): CodeIgniter\Debug\Exceptions->errorHandler(8, 'Undefined varia...', 'C:\\xampp\\htdocs...', 17, Array)
#1 C:\xampp\htdocs\e-kliping\system\CodeIgniter.php(918): App\Controllers\News->index()
#2 C:\xampp\htdocs\e-kliping\system\CodeIgniter.php(404): CodeIgniter\CodeIgniter->runController(Object(App\Controllers\News))
#3 C:\xampp\htdocs\e-kliping\system\CodeIgniter.php(312): CodeIgniter\CodeIgniter->handleRequest(NULL, Object(Config\Cache), false)
#4 C:\xampp\htdocs\e-kliping\public\index.php(45): CodeIgniter\CodeIgniter->run()
#5 C:\xampp\htdocs\e-kliping\system\Commands\Server\rewrite.php(34): require_once('C:\\xampp\\htdocs...')
#6 {main}
CRITICAL - 2020-10-19 06:30:54 --> Call to undefined method CodeIgniter\Controller::construct()
#0 C:\xampp\htdocs\e-kliping\system\CodeIgniter.php(890): App\Controllers\News->__construct()
#1 C:\xampp\htdocs\e-kliping\system\CodeIgniter.php(399): CodeIgniter\CodeIgniter->createController()
#2 C:\xampp\htdocs\e-kliping\system\CodeIgniter.php(312): CodeIgniter\CodeIgniter->handleRequest(NULL, Object(Config\Cache), false)
#3 C:\xampp\htdocs\e-kliping\public\index.php(45): CodeIgniter\CodeIgniter->run()
#4 C:\xampp\htdocs\e-kliping\system\Commands\Server\rewrite.php(34): require_once('C:\\xampp\\htdocs...')
#5 {main}
CRITICAL - 2020-10-19 06:31:19 --> Cannot call constructor
#0 C:\xampp\htdocs\e-kliping\system\CodeIgniter.php(890): App\Controllers\News->__construct()
#1 C:\xampp\htdocs\e-kliping\system\CodeIgniter.php(399): CodeIgniter\CodeIgniter->createController()
#2 C:\xampp\htdocs\e-kliping\system\CodeIgniter.php(312): CodeIgniter\CodeIgniter->handleRequest(NULL, Object(Config\Cache), false)
#3 C:\xampp\htdocs\e-kliping\public\index.php(45): CodeIgniter\CodeIgniter->run()
#4 C:\xampp\htdocs\e-kliping\system\Commands\Server\rewrite.php(34): require_once('C:\\xampp\\htdocs...')
#5 {main}
CRITICAL - 2020-10-19 06:32:05 --> Table 'project_kliping.product' doesn't exist
#0 C:\xampp\htdocs\e-kliping\system\Database\MySQLi\Connection.php(331): mysqli->query('SELECT *\nFROM `...')
#1 C:\xampp\htdocs\e-kliping\system\Database\BaseConnection.php(741): CodeIgniter\Database\MySQLi\Connection->execute('SELECT *\nFROM `...')
#2 C:\xampp\htdocs\e-kliping\system\Database\BaseConnection.php(669): CodeIgniter\Database\BaseConnection->simpleQuery('SELECT *\nFROM `...')
#3 C:\xampp\htdocs\e-kliping\system\Database\BaseBuilder.php(1860): CodeIgniter\Database\BaseConnection->query('SELECT *\nFROM `...', Array, false)
#4 C:\xampp\htdocs\e-kliping\app\Models\NewsModel.php(19): CodeIgniter\Database\BaseBuilder->get()
#5 C:\xampp\htdocs\e-kliping\app\Controllers\News.php(15): App\Models\NewsModel->getProduct()
#6 C:\xampp\htdocs\e-kliping\system\CodeIgniter.php(918): App\Controllers\News->index()
#7 C:\xampp\htdocs\e-kliping\system\CodeIgniter.php(404): CodeIgniter\CodeIgniter->runController(Object(App\Controllers\News))
#8 C:\xampp\htdocs\e-kliping\system\CodeIgniter.php(312): CodeIgniter\CodeIgniter->handleRequest(NULL, Object(Config\Cache), false)
#9 C:\xampp\htdocs\e-kliping\public\index.php(45): CodeIgniter\CodeIgniter->run()
#10 C:\xampp\htdocs\e-kliping\system\Commands\Server\rewrite.php(34): require_once('C:\\xampp\\htdocs...')
#11 {main}
CRITICAL - 2020-10-19 06:38:17 --> Undefined property: stdClass::$product_name
#0 C:\xampp\htdocs\e-kliping\app\Views\admin\news.php(27): CodeIgniter\Debug\Exceptions->errorHandler(8, 'Undefined prope...', 'C:\\xampp\\htdocs...', 27, Array)
#1 C:\xampp\htdocs\e-kliping\system\View\View.php(246): include('C:\\xampp\\htdocs...')
#2 C:\xampp\htdocs\e-kliping\system\Common.php(1119): CodeIgniter\View\View->render('admin/news', Array, true)
#3 C:\xampp\htdocs\e-kliping\app\Controllers\News.php(20): view('admin/news', Array)
#4 C:\xampp\htdocs\e-kliping\system\CodeIgniter.php(918): App\Controllers\News->index()
#5 C:\xampp\htdocs\e-kliping\system\CodeIgniter.php(404): CodeIgniter\CodeIgniter->runController(Object(App\Controllers\News))
#6 C:\xampp\htdocs\e-kliping\system\CodeIgniter.php(312): CodeIgniter\CodeIgniter->handleRequest(NULL, Object(Config\Cache), false)
#7 C:\xampp\htdocs\e-kliping\public\index.php(45): CodeIgniter\CodeIgniter->run()
#8 C:\xampp\htdocs\e-kliping\system\Commands\Server\rewrite.php(34): require_once('C:\\xampp\\htdocs...')
#9 {main}
CRITICAL - 2020-10-19 06:40:12 --> Undefined property: stdClass::$product_name
#0 C:\xampp\htdocs\e-kliping\app\Views\admin\news.php(29): CodeIgniter\Debug\Exceptions->errorHandler(8, 'Undefined prope...', 'C:\\xampp\\htdocs...', 29, Array)
#1 C:\xampp\htdocs\e-kliping\system\View\View.php(246): include('C:\\xampp\\htdocs...')
#2 C:\xampp\htdocs\e-kliping\system\Common.php(1119): CodeIgniter\View\View->render('admin/news', Array, true)
#3 C:\xampp\htdocs\e-kliping\app\Controllers\News.php(20): view('admin/news', Array)
#4 C:\xampp\htdocs\e-kliping\system\CodeIgniter.php(918): App\Controllers\News->index()
#5 C:\xampp\htdocs\e-kliping\system\CodeIgniter.php(404): CodeIgniter\CodeIgniter->runController(Object(App\Controllers\News))
#6 C:\xampp\htdocs\e-kliping\system\CodeIgniter.php(312): CodeIgniter\CodeIgniter->handleRequest(NULL, Object(Config\Cache), false)
#7 C:\xampp\htdocs\e-kliping\public\index.php(45): CodeIgniter\CodeIgniter->run()
#8 C:\xampp\htdocs\e-kliping\system\Commands\Server\rewrite.php(34): require_once('C:\\xampp\\htdocs...')
#9 {main}
CRITICAL - 2020-10-19 06:51:16 --> Unknown column 'product_name' in 'field list'
#0 C:\xampp\htdocs\e-kliping\system\Database\MySQLi\Connection.php(331): mysqli->query('UPDATE `tb_beri...')
#1 C:\xampp\htdocs\e-kliping\system\Database\BaseConnection.php(741): CodeIgniter\Database\MySQLi\Connection->execute('UPDATE `tb_beri...')
#2 C:\xampp\htdocs\e-kliping\system\Database\BaseConnection.php(669): CodeIgniter\Database\BaseConnection->simpleQuery('UPDATE `tb_beri...')
#3 C:\xampp\htdocs\e-kliping\system\Database\BaseBuilder.php(2456): CodeIgniter\Database\BaseConnection->query('UPDATE `tb_beri...', Array, false)
#4 C:\xampp\htdocs\e-kliping\app\Models\NewsModel.php(27): CodeIgniter\Database\BaseBuilder->update(Array, Array)
#5 C:\xampp\htdocs\e-kliping\app\Controllers\News.php(45): App\Models\NewsModel->updateProduct(Array, '')
#6 C:\xampp\htdocs\e-kliping\system\CodeIgniter.php(918): App\Controllers\News->update()
#7 C:\xampp\htdocs\e-kliping\system\CodeIgniter.php(404): CodeIgniter\CodeIgniter->runController(Object(App\Controllers\News))
#8 C:\xampp\htdocs\e-kliping\system\CodeIgniter.php(312): CodeIgniter\CodeIgniter->handleRequest(NULL, Object(Config\Cache), false)
#9 C:\xampp\htdocs\e-kliping\public\index.php(45): CodeIgniter\CodeIgniter->run()
#10 C:\xampp\htdocs\e-kliping\system\Commands\Server\rewrite.php(34): require_once('C:\\xampp\\htdocs...')
#11 {main}
CRITICAL - 2020-10-19 06:58:17 --> You must set the database table to be used with your query.
#0 C:\xampp\htdocs\e-kliping\system\Model.php(1237): CodeIgniter\Database\BaseConnection->table(NULL)
#1 C:\xampp\htdocs\e-kliping\system\Model.php(1816): CodeIgniter\Model->builder()
#2 C:\xampp\htdocs\e-kliping\app\Controllers\News.php(30): CodeIgniter\Model->__call('saveNews', Array)
#3 C:\xampp\htdocs\e-kliping\system\CodeIgniter.php(918): App\Controllers\News->save()
#4 C:\xampp\htdocs\e-kliping\system\CodeIgniter.php(404): CodeIgniter\CodeIgniter->runController(Object(App\Controllers\News))
#5 C:\xampp\htdocs\e-kliping\system\CodeIgniter.php(312): CodeIgniter\CodeIgniter->handleRequest(NULL, Object(Config\Cache), false)
#6 C:\xampp\htdocs\e-kliping\public\index.php(45): CodeIgniter\CodeIgniter->run()
#7 C:\xampp\htdocs\e-kliping\system\Commands\Server\rewrite.php(34): require_once('C:\\xampp\\htdocs...')
#8 {main}
CRITICAL - 2020-10-19 21:45:36 --> Call to undefined method App\Models\MediaModel::get_uploads
#0 C:\xampp\htdocs\e-kliping\app\Controllers\Media.php(27): CodeIgniter\Model->__call('get_uploads', Array)
#1 C:\xampp\htdocs\e-kliping\system\CodeIgniter.php(918): App\Controllers\Media->index()
#2 C:\xampp\htdocs\e-kliping\system\CodeIgniter.php(404): CodeIgniter\CodeIgniter->runController(Object(App\Controllers\Media))
#3 C:\xampp\htdocs\e-kliping\system\CodeIgniter.php(312): CodeIgniter\CodeIgniter->handleRequest(NULL, Object(Config\Cache), false)
#4 C:\xampp\htdocs\e-kliping\public\index.php(45): CodeIgniter\CodeIgniter->run()
#5 C:\xampp\htdocs\e-kliping\system\Commands\Server\rewrite.php(34): require_once('C:\\xampp\\htdocs...')
#6 {main}
CRITICAL - 2020-10-19 21:47:40 --> strpos() expects parameter 1 to be string, array given
#0 [internal function]: CodeIgniter\Debug\Exceptions->errorHandler(2, 'strpos() expect...', 'C:\\xampp\\htdocs...', 595, Array)
#1 C:\xampp\htdocs\e-kliping\system\Database\BaseBuilder.php(595): strpos(Array, ',')
#2 C:\xampp\htdocs\e-kliping\system\Database\BaseBuilder.php(288): CodeIgniter\Database\BaseBuilder->from(Object(CodeIgniter\Database\MySQLi\Builder))
#3 C:\xampp\htdocs\e-kliping\system\Database\BaseConnection.php(977): CodeIgniter\Database\BaseBuilder->__construct(Object(CodeIgniter\Database\MySQLi\Builder), Object(CodeIgniter\Database\MySQLi\Connection))
#4 C:\xampp\htdocs\e-kliping\system\Model.php(1237): CodeIgniter\Database\BaseConnection->table(Object(CodeIgniter\Database\MySQLi\Builder))
#5 C:\xampp\htdocs\e-kliping\system\Model.php(1816): CodeIgniter\Model->builder()
#6 C:\xampp\htdocs\e-kliping\app\Controllers\Media.php(27): CodeIgniter\Model->__call('get_uploads', Array)
#7 C:\xampp\htdocs\e-kliping\system\CodeIgniter.php(918): App\Controllers\Media->index()
#8 C:\xampp\htdocs\e-kliping\system\CodeIgniter.php(404): CodeIgniter\CodeIgniter->runController(Object(App\Controllers\Media))
#9 C:\xampp\htdocs\e-kliping\system\CodeIgniter.php(312): CodeIgniter\CodeIgniter->handleRequest(NULL, Object(Config\Cache), false)
#10 C:\xampp\htdocs\e-kliping\public\index.php(45): CodeIgniter\CodeIgniter->run()
#11 C:\xampp\htdocs\e-kliping\system\Commands\Server\rewrite.php(34): require_once('C:\\xampp\\htdocs...')
#12 {main}
CRITICAL - 2020-10-19 21:48:48 --> Undefined variable: product
#0 C:\xampp\htdocs\e-kliping\app\Views\admin\media.php(14): CodeIgniter\Debug\Exceptions->errorHandler(8, 'Undefined varia...', 'C:\\xampp\\htdocs...', 14, Array)
#1 C:\xampp\htdocs\e-kliping\system\View\View.php(246): include('C:\\xampp\\htdocs...')
#2 C:\xampp\htdocs\e-kliping\system\Common.php(1119): CodeIgniter\View\View->render('admin/media', Array, true)
#3 C:\xampp\htdocs\e-kliping\app\Controllers\Media.php(31): view('admin/media', Array)
#4 C:\xampp\htdocs\e-kliping\system\CodeIgniter.php(918): App\Controllers\Media->index()
#5 C:\xampp\htdocs\e-kliping\system\CodeIgniter.php(404): CodeIgniter\CodeIgniter->runController(Object(App\Controllers\Media))
#6 C:\xampp\htdocs\e-kliping\system\CodeIgniter.php(312): CodeIgniter\CodeIgniter->handleRequest(NULL, Object(Config\Cache), false)
#7 C:\xampp\htdocs\e-kliping\public\index.php(45): CodeIgniter\CodeIgniter->run()
#8 C:\xampp\htdocs\e-kliping\system\Commands\Server\rewrite.php(34): require_once('C:\\xampp\\htdocs...')
#9 {main}
CRITICAL - 2020-10-19 21:51:32 --> Undefined variable: product
#0 C:\xampp\htdocs\e-kliping\app\Views\admin\media.php(16): CodeIgniter\Debug\Exceptions->errorHandler(8, 'Undefined varia...', 'C:\\xampp\\htdocs...', 16, Array)
#1 C:\xampp\htdocs\e-kliping\system\View\View.php(246): include('C:\\xampp\\htdocs...')
#2 C:\xampp\htdocs\e-kliping\system\Common.php(1119): CodeIgniter\View\View->render('admin/media', Array, true)
#3 C:\xampp\htdocs\e-kliping\app\Controllers\Media.php(31): view('admin/media', Array)
#4 C:\xampp\htdocs\e-kliping\system\CodeIgniter.php(918): App\Controllers\Media->index()
#5 C:\xampp\htdocs\e-kliping\system\CodeIgniter.php(404): CodeIgniter\CodeIgniter->runController(Object(App\Controllers\Media))
#6 C:\xampp\htdocs\e-kliping\system\CodeIgniter.php(312): CodeIgniter\CodeIgniter->handleRequest(NULL, Object(Config\Cache), false)
#7 C:\xampp\htdocs\e-kliping\public\index.php(45): CodeIgniter\CodeIgniter->run()
#8 C:\xampp\htdocs\e-kliping\system\Commands\Server\rewrite.php(34): require_once('C:\\xampp\\htdocs...')
#9 {main}
CRITICAL - 2020-10-19 21:53:37 --> Column 'link_berita' cannot be null
#0 C:\xampp\htdocs\e-kliping\system\Database\MySQLi\Connection.php(331): mysqli->query('INSERT INTO `tb...')
#1 C:\xampp\htdocs\e-kliping\system\Database\BaseConnection.php(741): CodeIgniter\Database\MySQLi\Connection->execute('INSERT INTO `tb...')
#2 C:\xampp\htdocs\e-kliping\system\Database\BaseConnection.php(669): CodeIgniter\Database\BaseConnection->simpleQuery('INSERT INTO `tb...')
#3 C:\xampp\htdocs\e-kliping\system\Database\BaseBuilder.php(2249): CodeIgniter\Database\BaseConnection->query('INSERT INTO `tb...', Array, false)
#4 C:\xampp\htdocs\e-kliping\app\Models\NewsModel.php(21): CodeIgniter\Database\BaseBuilder->insert(Array)
#5 C:\xampp\htdocs\e-kliping\app\Controllers\News.php(30): App\Models\NewsModel->saveNews(Array)
#6 C:\xampp\htdocs\e-kliping\system\CodeIgniter.php(918): App\Controllers\News->save()
#7 C:\xampp\htdocs\e-kliping\system\CodeIgniter.php(404): CodeIgniter\CodeIgniter->runController(Object(App\Controllers\News))
#8 C:\xampp\htdocs\e-kliping\system\CodeIgniter.php(312): CodeIgniter\CodeIgniter->handleRequest(NULL, Object(Config\Cache), false)
#9 C:\xampp\htdocs\e-kliping\public\index.php(45): CodeIgniter\CodeIgniter->run()
#10 C:\xampp\htdocs\e-kliping\system\Commands\Server\rewrite.php(34): require_once('C:\\xampp\\htdocs...')
#11 {main}
CRITICAL - 2020-10-19 21:55:14 --> Trying to get property 'gambar' of non-object
#0 C:\xampp\htdocs\e-kliping\app\Views\admin\media.php(18): CodeIgniter\Debug\Exceptions->errorHandler(8, 'Trying to get p...', 'C:\\xampp\\htdocs...', 18, Array)
#1 C:\xampp\htdocs\e-kliping\system\View\View.php(246): include('C:\\xampp\\htdocs...')
#2 C:\xampp\htdocs\e-kliping\system\Common.php(1119): CodeIgniter\View\View->render('admin/media', Array, true)
#3 C:\xampp\htdocs\e-kliping\app\Controllers\Media.php(31): view('admin/media', Array)
#4 C:\xampp\htdocs\e-kliping\system\CodeIgniter.php(918): App\Controllers\Media->index()
#5 C:\xampp\htdocs\e-kliping\system\CodeIgniter.php(404): CodeIgniter\CodeIgniter->runController(Object(App\Controllers\Media))
#6 C:\xampp\htdocs\e-kliping\system\CodeIgniter.php(312): CodeIgniter\CodeIgniter->handleRequest(NULL, Object(Config\Cache), false)
#7 C:\xampp\htdocs\e-kliping\public\index.php(45): CodeIgniter\CodeIgniter->run()
#8 C:\xampp\htdocs\e-kliping\system\Commands\Server\rewrite.php(34): require_once('C:\\xampp\\htdocs...')
#9 {main}
CRITICAL - 2020-10-19 22:02:59 --> Trying to get property 'gambar' of non-object
#0 C:\xampp\htdocs\e-kliping\app\Views\admin\media.php(18): CodeIgniter\Debug\Exceptions->errorHandler(8, 'Trying to get p...', 'C:\\xampp\\htdocs...', 18, Array)
#1 C:\xampp\htdocs\e-kliping\system\View\View.php(246): include('C:\\xampp\\htdocs...')
#2 C:\xampp\htdocs\e-kliping\system\Common.php(1119): CodeIgniter\View\View->render('admin/media', Array, true)
#3 C:\xampp\htdocs\e-kliping\app\Controllers\Media.php(31): view('admin/media', Array)
#4 C:\xampp\htdocs\e-kliping\system\CodeIgniter.php(918): App\Controllers\Media->index()
#5 C:\xampp\htdocs\e-kliping\system\CodeIgniter.php(404): CodeIgniter\CodeIgniter->runController(Object(App\Controllers\Media))
#6 C:\xampp\htdocs\e-kliping\system\CodeIgniter.php(312): CodeIgniter\CodeIgniter->handleRequest(NULL, Object(Config\Cache), false)
#7 C:\xampp\htdocs\e-kliping\public\index.php(45): CodeIgniter\CodeIgniter->run()
#8 C:\xampp\htdocs\e-kliping\system\Commands\Server\rewrite.php(34): require_once('C:\\xampp\\htdocs...')
#9 {main}
CRITICAL - 2020-10-19 22:04:19 --> Trying to get property 'gambar' of non-object
#0 C:\xampp\htdocs\e-kliping\app\Views\admin\media.php(18): CodeIgniter\Debug\Exceptions->errorHandler(8, 'Trying to get p...', 'C:\\xampp\\htdocs...', 18, Array)
#1 C:\xampp\htdocs\e-kliping\system\View\View.php(246): include('C:\\xampp\\htdocs...')
#2 C:\xampp\htdocs\e-kliping\system\Common.php(1119): CodeIgniter\View\View->render('admin/media', Array, true)
#3 C:\xampp\htdocs\e-kliping\app\Controllers\Media.php(31): view('admin/media', Array)
#4 C:\xampp\htdocs\e-kliping\system\CodeIgniter.php(918): App\Controllers\Media->index()
#5 C:\xampp\htdocs\e-kliping\system\CodeIgniter.php(404): CodeIgniter\CodeIgniter->runController(Object(App\Controllers\Media))
#6 C:\xampp\htdocs\e-kliping\system\CodeIgniter.php(312): CodeIgniter\CodeIgniter->handleRequest(NULL, Object(Config\Cache), false)
#7 C:\xampp\htdocs\e-kliping\public\index.php(45): CodeIgniter\CodeIgniter->run()
#8 C:\xampp\htdocs\e-kliping\system\Commands\Server\rewrite.php(34): require_once('C:\\xampp\\htdocs...')
#9 {main}
CRITICAL - 2020-10-19 22:04:59 --> Trying to get property 'gambar' of non-object
#0 C:\xampp\htdocs\e-kliping\app\Views\admin\media.php(18): CodeIgniter\Debug\Exceptions->errorHandler(8, 'Trying to get p...', 'C:\\xampp\\htdocs...', 18, Array)
#1 C:\xampp\htdocs\e-kliping\system\View\View.php(246): include('C:\\xampp\\htdocs...')
#2 C:\xampp\htdocs\e-kliping\system\Common.php(1119): CodeIgniter\View\View->render('admin/media', Array, true)
#3 C:\xampp\htdocs\e-kliping\app\Controllers\Media.php(31): view('admin/media', Array)
#4 C:\xampp\htdocs\e-kliping\system\CodeIgniter.php(918): App\Controllers\Media->index()
#5 C:\xampp\htdocs\e-kliping\system\CodeIgniter.php(404): CodeIgniter\CodeIgniter->runController(Object(App\Controllers\Media))
#6 C:\xampp\htdocs\e-kliping\system\CodeIgniter.php(312): CodeIgniter\CodeIgniter->handleRequest(NULL, Object(Config\Cache), false)
#7 C:\xampp\htdocs\e-kliping\public\index.php(45): CodeIgniter\CodeIgniter->run()
#8 C:\xampp\htdocs\e-kliping\system\Commands\Server\rewrite.php(34): require_once('C:\\xampp\\htdocs...')
#9 {main}
CRITICAL - 2020-10-19 22:05:54 --> Trying to get property 'nama_media' of non-object
#0 C:\xampp\htdocs\e-kliping\app\Views\admin\media.php(19): CodeIgniter\Debug\Exceptions->errorHandler(8, 'Trying to get p...', 'C:\\xampp\\htdocs...', 19, Array)
#1 C:\xampp\htdocs\e-kliping\system\View\View.php(246): include('C:\\xampp\\htdocs...')
#2 C:\xampp\htdocs\e-kliping\system\Common.php(1119): CodeIgniter\View\View->render('admin/media', Array, true)
#3 C:\xampp\htdocs\e-kliping\app\Controllers\Media.php(31): view('admin/media', Array)
#4 C:\xampp\htdocs\e-kliping\system\CodeIgniter.php(918): App\Controllers\Media->index()
#5 C:\xampp\htdocs\e-kliping\system\CodeIgniter.php(404): CodeIgniter\CodeIgniter->runController(Object(App\Controllers\Media))
#6 C:\xampp\htdocs\e-kliping\system\CodeIgniter.php(312): CodeIgniter\CodeIgniter->handleRequest(NULL, Object(Config\Cache), false)
#7 C:\xampp\htdocs\e-kliping\public\index.php(45): CodeIgniter\CodeIgniter->run()
#8 C:\xampp\htdocs\e-kliping\system\Commands\Server\rewrite.php(34): require_once('C:\\xampp\\htdocs...')
#9 {main}
CRITICAL - 2020-10-19 22:26:08 --> Cannot use object of type stdClass as array
#0 C:\xampp\htdocs\e-kliping\system\View\View.php(246): include()
#1 C:\xampp\htdocs\e-kliping\system\Common.php(1119): CodeIgniter\View\View->render('admin/media', Array, true)
#2 C:\xampp\htdocs\e-kliping\app\Controllers\Media.php(31): view('admin/media', Array)
#3 C:\xampp\htdocs\e-kliping\system\CodeIgniter.php(918): App\Controllers\Media->index()
#4 C:\xampp\htdocs\e-kliping\system\CodeIgniter.php(404): CodeIgniter\CodeIgniter->runController(Object(App\Controllers\Media))
#5 C:\xampp\htdocs\e-kliping\system\CodeIgniter.php(312): CodeIgniter\CodeIgniter->handleRequest(NULL, Object(Config\Cache), false)
#6 C:\xampp\htdocs\e-kliping\public\index.php(45): CodeIgniter\CodeIgniter->run()
#7 C:\xampp\htdocs\e-kliping\system\Commands\Server\rewrite.php(34): require_once('C:\\xampp\\htdocs...')
#8 {main}
CRITICAL - 2020-10-19 22:26:33 --> Cannot use object of type stdClass as array
#0 C:\xampp\htdocs\e-kliping\system\View\View.php(246): include()
#1 C:\xampp\htdocs\e-kliping\system\Common.php(1119): CodeIgniter\View\View->render('admin/media', Array, true)
#2 C:\xampp\htdocs\e-kliping\app\Controllers\Media.php(31): view('admin/media', Array)
#3 C:\xampp\htdocs\e-kliping\system\CodeIgniter.php(918): App\Controllers\Media->index()
#4 C:\xampp\htdocs\e-kliping\system\CodeIgniter.php(404): CodeIgniter\CodeIgniter->runController(Object(App\Controllers\Media))
#5 C:\xampp\htdocs\e-kliping\system\CodeIgniter.php(312): CodeIgniter\CodeIgniter->handleRequest(NULL, Object(Config\Cache), false)
#6 C:\xampp\htdocs\e-kliping\public\index.php(45): CodeIgniter\CodeIgniter->run()
#7 C:\xampp\htdocs\e-kliping\system\Commands\Server\rewrite.php(34): require_once('C:\\xampp\\htdocs...')
#8 {main}
CRITICAL - 2020-10-19 23:40:53 --> Undefined property: App\Controllers\Media::$db
#0 C:\xampp\htdocs\e-kliping\app\Controllers\Media.php(71): CodeIgniter\Debug\Exceptions->errorHandler(8, 'Undefined prope...', 'C:\\xampp\\htdocs...', 71, Array)
#1 C:\xampp\htdocs\e-kliping\system\CodeIgniter.php(918): App\Controllers\Media->delete()
#2 C:\xampp\htdocs\e-kliping\system\CodeIgniter.php(404): CodeIgniter\CodeIgniter->runController(Object(App\Controllers\Media))
#3 C:\xampp\htdocs\e-kliping\system\CodeIgniter.php(312): CodeIgniter\CodeIgniter->handleRequest(NULL, Object(Config\Cache), false)
#4 C:\xampp\htdocs\e-kliping\public\index.php(45): CodeIgniter\CodeIgniter->run()
#5 C:\xampp\htdocs\e-kliping\system\Commands\Server\rewrite.php(34): require_once('C:\\xampp\\htdocs...')
#6 {main}
