CRITICAL - 2020-10-20 00:06:11 --> Call to a member function getResult() on array
#0 C:\xampp\htdocs\e-kliping\system\CodeIgniter.php(918): App\Controllers\Media->category()
#1 C:\xampp\htdocs\e-kliping\system\CodeIgniter.php(404): CodeIgniter\CodeIgniter->runController(Object(App\Controllers\Media))
#2 C:\xampp\htdocs\e-kliping\system\CodeIgniter.php(312): CodeIgniter\CodeIgniter->handleRequest(NULL, Object(Config\Cache), false)
#3 C:\xampp\htdocs\e-kliping\public\index.php(45): CodeIgniter\CodeIgniter->run()
#4 C:\xampp\htdocs\e-kliping\system\Commands\Server\rewrite.php(34): require_once('C:\\xampp\\htdocs...')
#5 {main}
CRITICAL - 2020-10-20 00:06:29 --> Call to a member function getResultArray() on array
#0 C:\xampp\htdocs\e-kliping\system\CodeIgniter.php(918): App\Controllers\Media->category()
#1 C:\xampp\htdocs\e-kliping\system\CodeIgniter.php(404): CodeIgniter\CodeIgniter->runController(Object(App\Controllers\Media))
#2 C:\xampp\htdocs\e-kliping\system\CodeIgniter.php(312): CodeIgniter\CodeIgniter->handleRequest(NULL, Object(Config\Cache), false)
#3 C:\xampp\htdocs\e-kliping\public\index.php(45): CodeIgniter\CodeIgniter->run()
#4 C:\xampp\htdocs\e-kliping\system\Commands\Server\rewrite.php(34): require_once('C:\\xampp\\htdocs...')
#5 {main}
CRITICAL - 2020-10-20 00:06:54 --> Undefined index: id_media
#0 C:\xampp\htdocs\e-kliping\app\Views\admin\category.php(23): CodeIgniter\Debug\Exceptions->errorHandler(8, 'Undefined index...', 'C:\\xampp\\htdocs...', 23, Array)
#1 C:\xampp\htdocs\e-kliping\system\View\View.php(246): include('C:\\xampp\\htdocs...')
#2 C:\xampp\htdocs\e-kliping\system\Common.php(1119): CodeIgniter\View\View->render('admin/category', Array, true)
#3 C:\xampp\htdocs\e-kliping\app\Controllers\Media.php(85): view('admin/category', Array)
#4 C:\xampp\htdocs\e-kliping\system\CodeIgniter.php(918): App\Controllers\Media->category()
#5 C:\xampp\htdocs\e-kliping\system\CodeIgniter.php(404): CodeIgniter\CodeIgniter->runController(Object(App\Controllers\Media))
#6 C:\xampp\htdocs\e-kliping\system\CodeIgniter.php(312): CodeIgniter\CodeIgniter->handleRequest(NULL, Object(Config\Cache), false)
#7 C:\xampp\htdocs\e-kliping\public\index.php(45): CodeIgniter\CodeIgniter->run()
#8 C:\xampp\htdocs\e-kliping\system\Commands\Server\rewrite.php(34): require_once('C:\\xampp\\htdocs...')
#9 {main}
CRITICAL - 2020-10-20 00:08:50 --> Column 'nama_kategori' cannot be null
#0 C:\xampp\htdocs\e-kliping\system\Database\MySQLi\Connection.php(331): mysqli->query('INSERT INTO `ka...')
#1 C:\xampp\htdocs\e-kliping\system\Database\BaseConnection.php(741): CodeIgniter\Database\MySQLi\Connection->execute('INSERT INTO `ka...')
#2 C:\xampp\htdocs\e-kliping\system\Database\BaseConnection.php(669): CodeIgniter\Database\BaseConnection->simpleQuery('INSERT INTO `ka...')
#3 C:\xampp\htdocs\e-kliping\system\Database\BaseBuilder.php(2249): CodeIgniter\Database\BaseConnection->query('INSERT INTO `ka...', Array, false)
#4 C:\xampp\htdocs\e-kliping\app\Models\MediaModel.php(37): CodeIgniter\Database\BaseBuilder->insert(Array)
#5 C:\xampp\htdocs\e-kliping\app\Controllers\Media.php(94): App\Models\MediaModel->saveCategory(Array)
#6 C:\xampp\htdocs\e-kliping\system\CodeIgniter.php(918): App\Controllers\Media->category_save()
#7 C:\xampp\htdocs\e-kliping\system\CodeIgniter.php(404): CodeIgniter\CodeIgniter->runController(Object(App\Controllers\Media))
#8 C:\xampp\htdocs\e-kliping\system\CodeIgniter.php(312): CodeIgniter\CodeIgniter->handleRequest(NULL, Object(Config\Cache), false)
#9 C:\xampp\htdocs\e-kliping\public\index.php(45): CodeIgniter\CodeIgniter->run()
#10 C:\xampp\htdocs\e-kliping\system\Commands\Server\rewrite.php(34): require_once('C:\\xampp\\htdocs...')
#11 {main}
CRITICAL - 2020-10-20 00:10:40 --> Column 'nama_kategori' cannot be null
#0 C:\xampp\htdocs\e-kliping\system\Database\MySQLi\Connection.php(331): mysqli->query('INSERT INTO `ka...')
#1 C:\xampp\htdocs\e-kliping\system\Database\BaseConnection.php(741): CodeIgniter\Database\MySQLi\Connection->execute('INSERT INTO `ka...')
#2 C:\xampp\htdocs\e-kliping\system\Database\BaseConnection.php(669): CodeIgniter\Database\BaseConnection->simpleQuery('INSERT INTO `ka...')
#3 C:\xampp\htdocs\e-kliping\system\Database\BaseBuilder.php(2249): CodeIgniter\Database\BaseConnection->query('INSERT INTO `ka...', Array, false)
#4 C:\xampp\htdocs\e-kliping\app\Models\MediaModel.php(38): CodeIgniter\Database\BaseBuilder->insert(Array)
#5 C:\xampp\htdocs\e-kliping\app\Controllers\Media.php(94): App\Models\MediaModel->saveCategory(Array)
#6 C:\xampp\htdocs\e-kliping\system\CodeIgniter.php(918): App\Controllers\Media->category_save()
#7 C:\xampp\htdocs\e-kliping\system\CodeIgniter.php(404): CodeIgniter\CodeIgniter->runController(Object(App\Controllers\Media))
#8 C:\xampp\htdocs\e-kliping\system\CodeIgniter.php(312): CodeIgniter\CodeIgniter->handleRequest(NULL, Object(Config\Cache), false)
#9 C:\xampp\htdocs\e-kliping\public\index.php(45): CodeIgniter\CodeIgniter->run()
#10 C:\xampp\htdocs\e-kliping\system\Commands\Server\rewrite.php(34): require_once('C:\\xampp\\htdocs...')
#11 {main}
CRITICAL - 2020-10-20 00:37:19 --> Undefined variable: db
#0 C:\xampp\htdocs\e-kliping\app\Controllers\Profile.php(16): CodeIgniter\Debug\Exceptions->errorHandler(8, 'Undefined varia...', 'C:\\xampp\\htdocs...', 16, Array)
#1 C:\xampp\htdocs\e-kliping\system\CodeIgniter.php(918): App\Controllers\Profile->index()
#2 C:\xampp\htdocs\e-kliping\system\CodeIgniter.php(404): CodeIgniter\CodeIgniter->runController(Object(App\Controllers\Profile))
#3 C:\xampp\htdocs\e-kliping\system\CodeIgniter.php(312): CodeIgniter\CodeIgniter->handleRequest(NULL, Object(Config\Cache), false)
#4 C:\xampp\htdocs\e-kliping\public\index.php(45): CodeIgniter\CodeIgniter->run()
#5 C:\xampp\htdocs\e-kliping\system\Commands\Server\rewrite.php(34): require_once('C:\\xampp\\htdocs...')
#6 {main}
CRITICAL - 2020-10-20 00:38:01 --> Trying to access array offset on value of type null
#0 C:\xampp\htdocs\e-kliping\app\Controllers\Profile.php(19): CodeIgniter\Debug\Exceptions->errorHandler(8, 'Trying to acces...', 'C:\\xampp\\htdocs...', 19, Array)
#1 C:\xampp\htdocs\e-kliping\system\CodeIgniter.php(918): App\Controllers\Profile->index()
#2 C:\xampp\htdocs\e-kliping\system\CodeIgniter.php(404): CodeIgniter\CodeIgniter->runController(Object(App\Controllers\Profile))
#3 C:\xampp\htdocs\e-kliping\system\CodeIgniter.php(312): CodeIgniter\CodeIgniter->handleRequest(NULL, Object(Config\Cache), false)
#4 C:\xampp\htdocs\e-kliping\public\index.php(45): CodeIgniter\CodeIgniter->run()
#5 C:\xampp\htdocs\e-kliping\system\Commands\Server\rewrite.php(34): require_once('C:\\xampp\\htdocs...')
#6 {main}
CRITICAL - 2020-10-20 00:39:32 --> Trying to access array offset on value of type null
#0 C:\xampp\htdocs\e-kliping\app\Controllers\Profile.php(20): CodeIgniter\Debug\Exceptions->errorHandler(8, 'Trying to acces...', 'C:\\xampp\\htdocs...', 20, Array)
#1 C:\xampp\htdocs\e-kliping\system\CodeIgniter.php(918): App\Controllers\Profile->index()
#2 C:\xampp\htdocs\e-kliping\system\CodeIgniter.php(404): CodeIgniter\CodeIgniter->runController(Object(App\Controllers\Profile))
#3 C:\xampp\htdocs\e-kliping\system\CodeIgniter.php(312): CodeIgniter\CodeIgniter->handleRequest(NULL, Object(Config\Cache), false)
#4 C:\xampp\htdocs\e-kliping\public\index.php(45): CodeIgniter\CodeIgniter->run()
#5 C:\xampp\htdocs\e-kliping\system\Commands\Server\rewrite.php(34): require_once('C:\\xampp\\htdocs...')
#6 {main}
CRITICAL - 2020-10-20 00:40:05 --> Trying to access array offset on value of type null
#0 C:\xampp\htdocs\e-kliping\app\Controllers\Profile.php(20): CodeIgniter\Debug\Exceptions->errorHandler(8, 'Trying to acces...', 'C:\\xampp\\htdocs...', 20, Array)
#1 C:\xampp\htdocs\e-kliping\system\CodeIgniter.php(918): App\Controllers\Profile->index()
#2 C:\xampp\htdocs\e-kliping\system\CodeIgniter.php(404): CodeIgniter\CodeIgniter->runController(Object(App\Controllers\Profile))
#3 C:\xampp\htdocs\e-kliping\system\CodeIgniter.php(312): CodeIgniter\CodeIgniter->handleRequest(NULL, Object(Config\Cache), false)
#4 C:\xampp\htdocs\e-kliping\public\index.php(45): CodeIgniter\CodeIgniter->run()
#5 C:\xampp\htdocs\e-kliping\system\Commands\Server\rewrite.php(34): require_once('C:\\xampp\\htdocs...')
#6 {main}
CRITICAL - 2020-10-20 00:40:39 --> Cannot use object of type stdClass as array
#0 C:\xampp\htdocs\e-kliping\system\CodeIgniter.php(918): App\Controllers\Profile->index()
#1 C:\xampp\htdocs\e-kliping\system\CodeIgniter.php(404): CodeIgniter\CodeIgniter->runController(Object(App\Controllers\Profile))
#2 C:\xampp\htdocs\e-kliping\system\CodeIgniter.php(312): CodeIgniter\CodeIgniter->handleRequest(NULL, Object(Config\Cache), false)
#3 C:\xampp\htdocs\e-kliping\public\index.php(45): CodeIgniter\CodeIgniter->run()
#4 C:\xampp\htdocs\e-kliping\system\Commands\Server\rewrite.php(34): require_once('C:\\xampp\\htdocs...')
#5 {main}
CRITICAL - 2020-10-20 00:41:23 --> Invalid file: admin/profil.php
#0 C:\xampp\htdocs\e-kliping\system\View\View.php(228): CodeIgniter\Exceptions\FrameworkException::forInvalidFile('admin/profil.ph...')
#1 C:\xampp\htdocs\e-kliping\system\Common.php(1119): CodeIgniter\View\View->render('admin/profil', Array, true)
#2 C:\xampp\htdocs\e-kliping\app\Controllers\Profile.php(24): view('admin/profil', Array)
#3 C:\xampp\htdocs\e-kliping\system\CodeIgniter.php(918): App\Controllers\Profile->index()
#4 C:\xampp\htdocs\e-kliping\system\CodeIgniter.php(404): CodeIgniter\CodeIgniter->runController(Object(App\Controllers\Profile))
#5 C:\xampp\htdocs\e-kliping\system\CodeIgniter.php(312): CodeIgniter\CodeIgniter->handleRequest(NULL, Object(Config\Cache), false)
#6 C:\xampp\htdocs\e-kliping\public\index.php(45): CodeIgniter\CodeIgniter->run()
#7 C:\xampp\htdocs\e-kliping\system\Commands\Server\rewrite.php(34): require_once('C:\\xampp\\htdocs...')
#8 {main}
CRITICAL - 2020-10-20 00:42:05 --> Undefined variable: id
#0 C:\xampp\htdocs\e-kliping\app\Views\admin\profile.php(11): CodeIgniter\Debug\Exceptions->errorHandler(8, 'Undefined varia...', 'C:\\xampp\\htdocs...', 11, Array)
#1 C:\xampp\htdocs\e-kliping\system\View\View.php(246): include('C:\\xampp\\htdocs...')
#2 C:\xampp\htdocs\e-kliping\system\Common.php(1119): CodeIgniter\View\View->render('admin/profile', Array, true)
#3 C:\xampp\htdocs\e-kliping\app\Controllers\Profile.php(24): view('admin/profile', Array)
#4 C:\xampp\htdocs\e-kliping\system\CodeIgniter.php(918): App\Controllers\Profile->index()
#5 C:\xampp\htdocs\e-kliping\system\CodeIgniter.php(404): CodeIgniter\CodeIgniter->runController(Object(App\Controllers\Profile))
#6 C:\xampp\htdocs\e-kliping\system\CodeIgniter.php(312): CodeIgniter\CodeIgniter->handleRequest(NULL, Object(Config\Cache), false)
#7 C:\xampp\htdocs\e-kliping\public\index.php(45): CodeIgniter\CodeIgniter->run()
#8 C:\xampp\htdocs\e-kliping\system\Commands\Server\rewrite.php(34): require_once('C:\\xampp\\htdocs...')
#9 {main}
