CRITICAL - 2020-10-18 10:58:53 --> Unable to connect to the database.
#0 C:\xampp\htdocs\e-kliping\system\Database\BaseConnection.php(646): CodeIgniter\Database\BaseConnection->initialize()
#1 C:\xampp\htdocs\e-kliping\system\Database\BaseBuilder.php(1860): CodeIgniter\Database\BaseConnection->query('SELECT *\nFROM `...', Array, false)
#2 C:\xampp\htdocs\e-kliping\system\Model.php(506): CodeIgniter\Database\BaseBuilder->get()
#3 C:\xampp\htdocs\e-kliping\app\Controllers\Login.php(20): CodeIgniter\Model->first()
#4 C:\xampp\htdocs\e-kliping\system\CodeIgniter.php(918): App\Controllers\Login->auth()
#5 C:\xampp\htdocs\e-kliping\system\CodeIgniter.php(404): CodeIgniter\CodeIgniter->runController(Object(App\Controllers\Login))
#6 C:\xampp\htdocs\e-kliping\system\CodeIgniter.php(312): CodeIgniter\CodeIgniter->handleRequest(NULL, Object(Config\Cache), false)
#7 C:\xampp\htdocs\e-kliping\public\index.php(45): CodeIgniter\CodeIgniter->run()
#8 C:\xampp\htdocs\e-kliping\system\Commands\Server\rewrite.php(34): require_once('C:\\xampp\\htdocs...')
#9 {main}
CRITICAL - 2020-10-18 11:01:00 --> Unable to connect to the database.
#0 C:\xampp\htdocs\e-kliping\system\Database\BaseConnection.php(646): CodeIgniter\Database\BaseConnection->initialize()
#1 C:\xampp\htdocs\e-kliping\system\Database\BaseBuilder.php(1860): CodeIgniter\Database\BaseConnection->query('SELECT *\nFROM `...', Array, false)
#2 C:\xampp\htdocs\e-kliping\system\Model.php(506): CodeIgniter\Database\BaseBuilder->get()
#3 C:\xampp\htdocs\e-kliping\app\Controllers\Login.php(20): CodeIgniter\Model->first()
#4 C:\xampp\htdocs\e-kliping\system\CodeIgniter.php(918): App\Controllers\Login->auth()
#5 C:\xampp\htdocs\e-kliping\system\CodeIgniter.php(404): CodeIgniter\CodeIgniter->runController(Object(App\Controllers\Login))
#6 C:\xampp\htdocs\e-kliping\system\CodeIgniter.php(312): CodeIgniter\CodeIgniter->handleRequest(NULL, Object(Config\Cache), false)
#7 C:\xampp\htdocs\e-kliping\public\index.php(45): CodeIgniter\CodeIgniter->run()
#8 C:\xampp\htdocs\e-kliping\system\Commands\Server\rewrite.php(34): require_once('C:\\xampp\\htdocs...')
#9 {main}
CRITICAL - 2020-10-18 11:01:55 --> Unable to connect to the database.
#0 C:\xampp\htdocs\e-kliping\system\Database\BaseConnection.php(646): CodeIgniter\Database\BaseConnection->initialize()
#1 C:\xampp\htdocs\e-kliping\system\Database\BaseBuilder.php(1860): CodeIgniter\Database\BaseConnection->query('SELECT *\nFROM `...', Array, false)
#2 C:\xampp\htdocs\e-kliping\system\Model.php(506): CodeIgniter\Database\BaseBuilder->get()
#3 C:\xampp\htdocs\e-kliping\app\Controllers\Login.php(20): CodeIgniter\Model->first()
#4 C:\xampp\htdocs\e-kliping\system\CodeIgniter.php(918): App\Controllers\Login->auth()
#5 C:\xampp\htdocs\e-kliping\system\CodeIgniter.php(404): CodeIgniter\CodeIgniter->runController(Object(App\Controllers\Login))
#6 C:\xampp\htdocs\e-kliping\system\CodeIgniter.php(312): CodeIgniter\CodeIgniter->handleRequest(NULL, Object(Config\Cache), false)
#7 C:\xampp\htdocs\e-kliping\public\index.php(45): CodeIgniter\CodeIgniter->run()
#8 C:\xampp\htdocs\e-kliping\system\Commands\Server\rewrite.php(34): require_once('C:\\xampp\\htdocs...')
#9 {main}
CRITICAL - 2020-10-18 11:02:10 --> Unable to connect to the database.
#0 C:\xampp\htdocs\e-kliping\system\Database\BaseConnection.php(646): CodeIgniter\Database\BaseConnection->initialize()
#1 C:\xampp\htdocs\e-kliping\system\Database\BaseBuilder.php(1860): CodeIgniter\Database\BaseConnection->query('SELECT *\nFROM `...', Array, false)
#2 C:\xampp\htdocs\e-kliping\system\Model.php(506): CodeIgniter\Database\BaseBuilder->get()
#3 C:\xampp\htdocs\e-kliping\app\Controllers\Login.php(20): CodeIgniter\Model->first()
#4 C:\xampp\htdocs\e-kliping\system\CodeIgniter.php(918): App\Controllers\Login->auth()
#5 C:\xampp\htdocs\e-kliping\system\CodeIgniter.php(404): CodeIgniter\CodeIgniter->runController(Object(App\Controllers\Login))
#6 C:\xampp\htdocs\e-kliping\system\CodeIgniter.php(312): CodeIgniter\CodeIgniter->handleRequest(NULL, Object(Config\Cache), false)
#7 C:\xampp\htdocs\e-kliping\public\index.php(45): CodeIgniter\CodeIgniter->run()
#8 C:\xampp\htdocs\e-kliping\system\Commands\Server\rewrite.php(34): require_once('C:\\xampp\\htdocs...')
#9 {main}
CRITICAL - 2020-10-18 11:04:45 --> Unable to connect to the database.
#0 C:\xampp\htdocs\e-kliping\system\Database\BaseConnection.php(646): CodeIgniter\Database\BaseConnection->initialize()
#1 C:\xampp\htdocs\e-kliping\system\Database\BaseBuilder.php(1860): CodeIgniter\Database\BaseConnection->query('SELECT *\nFROM `...', Array, false)
#2 C:\xampp\htdocs\e-kliping\system\Model.php(506): CodeIgniter\Database\BaseBuilder->get()
#3 C:\xampp\htdocs\e-kliping\app\Controllers\Login.php(20): CodeIgniter\Model->first()
#4 C:\xampp\htdocs\e-kliping\system\CodeIgniter.php(918): App\Controllers\Login->auth()
#5 C:\xampp\htdocs\e-kliping\system\CodeIgniter.php(404): CodeIgniter\CodeIgniter->runController(Object(App\Controllers\Login))
#6 C:\xampp\htdocs\e-kliping\system\CodeIgniter.php(312): CodeIgniter\CodeIgniter->handleRequest(NULL, Object(Config\Cache), false)
#7 C:\xampp\htdocs\e-kliping\public\index.php(45): CodeIgniter\CodeIgniter->run()
#8 C:\xampp\htdocs\e-kliping\system\Commands\Server\rewrite.php(34): require_once('C:\\xampp\\htdocs...')
#9 {main}
CRITICAL - 2020-10-18 11:10:01 --> Unable to connect to the database.
#0 C:\xampp\htdocs\e-kliping\system\Database\BaseConnection.php(646): CodeIgniter\Database\BaseConnection->initialize()
#1 C:\xampp\htdocs\e-kliping\system\Database\BaseBuilder.php(1860): CodeIgniter\Database\BaseConnection->query('SELECT *\nFROM `...', Array, false)
#2 C:\xampp\htdocs\e-kliping\system\Model.php(506): CodeIgniter\Database\BaseBuilder->get()
#3 C:\xampp\htdocs\e-kliping\app\Controllers\Login.php(20): CodeIgniter\Model->first()
#4 C:\xampp\htdocs\e-kliping\system\CodeIgniter.php(918): App\Controllers\Login->auth()
#5 C:\xampp\htdocs\e-kliping\system\CodeIgniter.php(404): CodeIgniter\CodeIgniter->runController(Object(App\Controllers\Login))
#6 C:\xampp\htdocs\e-kliping\system\CodeIgniter.php(312): CodeIgniter\CodeIgniter->handleRequest(NULL, Object(Config\Cache), false)
#7 C:\xampp\htdocs\e-kliping\public\index.php(45): CodeIgniter\CodeIgniter->run()
#8 C:\xampp\htdocs\e-kliping\system\Commands\Server\rewrite.php(34): require_once('C:\\xampp\\htdocs...')
#9 {main}
CRITICAL - 2020-10-18 11:11:39 --> Unable to connect to the database.
#0 C:\xampp\htdocs\e-kliping\system\Database\BaseConnection.php(646): CodeIgniter\Database\BaseConnection->initialize()
#1 C:\xampp\htdocs\e-kliping\system\Database\BaseBuilder.php(1860): CodeIgniter\Database\BaseConnection->query('SELECT *\nFROM `...', Array, false)
#2 C:\xampp\htdocs\e-kliping\system\Model.php(506): CodeIgniter\Database\BaseBuilder->get()
#3 C:\xampp\htdocs\e-kliping\app\Controllers\Login.php(20): CodeIgniter\Model->first()
#4 C:\xampp\htdocs\e-kliping\system\CodeIgniter.php(918): App\Controllers\Login->auth()
#5 C:\xampp\htdocs\e-kliping\system\CodeIgniter.php(404): CodeIgniter\CodeIgniter->runController(Object(App\Controllers\Login))
#6 C:\xampp\htdocs\e-kliping\system\CodeIgniter.php(312): CodeIgniter\CodeIgniter->handleRequest(NULL, Object(Config\Cache), false)
#7 C:\xampp\htdocs\e-kliping\public\index.php(45): CodeIgniter\CodeIgniter->run()
#8 C:\xampp\htdocs\e-kliping\system\Commands\Server\rewrite.php(34): require_once('C:\\xampp\\htdocs...')
#9 {main}
CRITICAL - 2020-10-18 11:11:50 --> Unable to connect to the database.
#0 C:\xampp\htdocs\e-kliping\system\Database\BaseConnection.php(646): CodeIgniter\Database\BaseConnection->initialize()
#1 C:\xampp\htdocs\e-kliping\system\Database\BaseBuilder.php(1860): CodeIgniter\Database\BaseConnection->query('SELECT *\nFROM `...', Array, false)
#2 C:\xampp\htdocs\e-kliping\system\Model.php(506): CodeIgniter\Database\BaseBuilder->get()
#3 C:\xampp\htdocs\e-kliping\app\Controllers\Login.php(20): CodeIgniter\Model->first()
#4 C:\xampp\htdocs\e-kliping\system\CodeIgniter.php(918): App\Controllers\Login->auth()
#5 C:\xampp\htdocs\e-kliping\system\CodeIgniter.php(404): CodeIgniter\CodeIgniter->runController(Object(App\Controllers\Login))
#6 C:\xampp\htdocs\e-kliping\system\CodeIgniter.php(312): CodeIgniter\CodeIgniter->handleRequest(NULL, Object(Config\Cache), false)
#7 C:\xampp\htdocs\e-kliping\public\index.php(45): CodeIgniter\CodeIgniter->run()
#8 C:\xampp\htdocs\e-kliping\system\Commands\Server\rewrite.php(34): require_once('C:\\xampp\\htdocs...')
#9 {main}
CRITICAL - 2020-10-18 22:15:40 --> Undefined variable: db
#0 C:\xampp\htdocs\e-kliping\app\Controllers\Dashboard.php(11): CodeIgniter\Debug\Exceptions->errorHandler(8, 'Undefined varia...', 'C:\\xampp\\htdocs...', 11, Array)
#1 C:\xampp\htdocs\e-kliping\system\CodeIgniter.php(918): App\Controllers\Dashboard->index()
#2 C:\xampp\htdocs\e-kliping\system\CodeIgniter.php(404): CodeIgniter\CodeIgniter->runController(Object(App\Controllers\Dashboard))
#3 C:\xampp\htdocs\e-kliping\system\CodeIgniter.php(312): CodeIgniter\CodeIgniter->handleRequest(NULL, Object(Config\Cache), false)
#4 C:\xampp\htdocs\e-kliping\public\index.php(45): CodeIgniter\CodeIgniter->run()
#5 C:\xampp\htdocs\e-kliping\system\Commands\Server\rewrite.php(34): require_once('C:\\xampp\\htdocs...')
#6 {main}
CRITICAL - 2020-10-18 22:18:18 --> Undefined variable: default
#0 C:\xampp\htdocs\e-kliping\app\Controllers\Dashboard.php(11): CodeIgniter\Debug\Exceptions->errorHandler(8, 'Undefined varia...', 'C:\\xampp\\htdocs...', 11, Array)
#1 C:\xampp\htdocs\e-kliping\system\CodeIgniter.php(918): App\Controllers\Dashboard->index()
#2 C:\xampp\htdocs\e-kliping\system\CodeIgniter.php(404): CodeIgniter\CodeIgniter->runController(Object(App\Controllers\Dashboard))
#3 C:\xampp\htdocs\e-kliping\system\CodeIgniter.php(312): CodeIgniter\CodeIgniter->handleRequest(NULL, Object(Config\Cache), false)
#4 C:\xampp\htdocs\e-kliping\public\index.php(45): CodeIgniter\CodeIgniter->run()
#5 C:\xampp\htdocs\e-kliping\system\Commands\Server\rewrite.php(34): require_once('C:\\xampp\\htdocs...')
#6 {main}
CRITICAL - 2020-10-18 22:19:50 --> Cannot call constructor
#0 C:\xampp\htdocs\e-kliping\system\CodeIgniter.php(890): App\Controllers\Dashboard->__construct()
#1 C:\xampp\htdocs\e-kliping\system\CodeIgniter.php(399): CodeIgniter\CodeIgniter->createController()
#2 C:\xampp\htdocs\e-kliping\system\CodeIgniter.php(312): CodeIgniter\CodeIgniter->handleRequest(NULL, Object(Config\Cache), false)
#3 C:\xampp\htdocs\e-kliping\public\index.php(45): CodeIgniter\CodeIgniter->run()
#4 C:\xampp\htdocs\e-kliping\system\Commands\Server\rewrite.php(34): require_once('C:\\xampp\\htdocs...')
#5 {main}
CRITICAL - 2020-10-18 22:30:27 --> Unknown column 'id' in 'order clause'
#0 C:\xampp\htdocs\e-kliping\system\Database\MySQLi\Connection.php(331): mysqli->query('SELECT * FROM m...')
#1 C:\xampp\htdocs\e-kliping\system\Database\BaseConnection.php(741): CodeIgniter\Database\MySQLi\Connection->execute('SELECT * FROM m...')
#2 C:\xampp\htdocs\e-kliping\system\Database\BaseConnection.php(669): CodeIgniter\Database\BaseConnection->simpleQuery('SELECT * FROM m...')
#3 C:\xampp\htdocs\e-kliping\app\Controllers\Dashboard.php(12): CodeIgniter\Database\BaseConnection->query('SELECT * FROM m...')
#4 C:\xampp\htdocs\e-kliping\system\CodeIgniter.php(918): App\Controllers\Dashboard->index()
#5 C:\xampp\htdocs\e-kliping\system\CodeIgniter.php(404): CodeIgniter\CodeIgniter->runController(Object(App\Controllers\Dashboard))
#6 C:\xampp\htdocs\e-kliping\system\CodeIgniter.php(312): CodeIgniter\CodeIgniter->handleRequest(NULL, Object(Config\Cache), false)
#7 C:\xampp\htdocs\e-kliping\public\index.php(45): CodeIgniter\CodeIgniter->run()
#8 C:\xampp\htdocs\e-kliping\system\Commands\Server\rewrite.php(34): require_once('C:\\xampp\\htdocs...')
#9 {main}
